<?xml version="1.0" encoding="UTF-8"?>
<!-- Generated by org.testng.reporters.JUnitReportReporter -->
<testsuite hostname="DESKTOP-GIJ7VPF" failures="0" tests="1" name="TestCases.UIScenarioTestCase" time="46.986" errors="0" timestamp="2021-12-07T23:43:20 IST" skipped="0">
  <testcase classname="TestCases.UIScenarioTestCase" name="checkArticle" time="46.986"/>
  <system-out/>
</testsuite> <!-- TestCases.UIScenarioTestCase -->
